[ 2016-03-08T15:50:46+08:00 ] 127.0.0.1 /QQ/
INFO: [ app_init ] --START--
INFO: Run Behavior\BuildLiteBehavior [ RunTime:0.000169s ]
INFO: [ app_init ] --END-- [ RunTime:0.006014s ]
INFO: [ app_begin ] --START--
INFO: Run Behavior\ReadHtmlCacheBehavior [ RunTime:0.003389s ]
INFO: [ app_begin ] --END-- [ RunTime:0.004159s ]

[ 2016-03-08T15:50:46+08:00 ] 127.0.0.1 /QQ/Home/Login/index.html
INFO: [ app_init ] --START--
INFO: Run Behavior\BuildLiteBehavior [ RunTime:0.000096s ]
INFO: [ app_init ] --END-- [ RunTime:0.002163s ]
INFO: [ app_begin ] --START--
INFO: Run Behavior\ReadHtmlCacheBehavior [ RunTime:0.005020s ]
INFO: [ app_begin ] --END-- [ RunTime:0.012188s ]
INFO: [ view_parse ] --START--
INFO: [ template_filter ] --START--
INFO: Run Behavior\ContentReplaceBehavior [ RunTime:0.000361s ]
INFO: [ template_filter ] --END-- [ RunTime:0.000869s ]
INFO: Run Behavior\ParseTemplateBehavior [ RunTime:0.051850s ]
INFO: [ view_parse ] --END-- [ RunTime:0.052367s ]
INFO: [ view_filter ] --START--
INFO: Run Behavior\WriteHtmlCacheBehavior [ RunTime:0.007320s ]
INFO: [ view_filter ] --END-- [ RunTime:0.007768s ]
INFO: [ app_end ] --START--
INFO: Run Behavior\ShowPageTraceBehavior [ RunTime:0.003235s ]
INFO: [ app_end ] --END-- [ RunTime:0.003707s ]

[ 2016-03-08T15:50:46+08:00 ] 127.0.0.1 /QQ/Home/Code/getCode.html
INFO: [ app_init ] --START--
INFO: Run Behavior\BuildLiteBehavior [ RunTime:0.000099s ]
INFO: [ app_init ] --END-- [ RunTime:0.002261s ]
INFO: [ app_begin ] --START--
INFO: Run Behavior\ReadHtmlCacheBehavior [ RunTime:0.005029s ]
INFO: [ app_begin ] --END-- [ RunTime:0.005667s ]
INFO: [ app_end ] --START--
INFO: Run Behavior\ShowPageTraceBehavior [ RunTime:0.003109s ]
INFO: [ app_end ] --END-- [ RunTime:0.003795s ]

[ 2016-03-08T15:51:09+08:00 ] 127.0.0.1 /QQ/Home/Login/login.html
INFO: [ app_init ] --START--
INFO: Run Behavior\BuildLiteBehavior [ RunTime:0.000147s ]
INFO: [ app_init ] --END-- [ RunTime:0.002111s ]
INFO: [ app_begin ] --START--
INFO: Run Behavior\ReadHtmlCacheBehavior [ RunTime:0.014342s ]
INFO: [ app_begin ] --END-- [ RunTime:0.014861s ]
SQL: SHOW COLUMNS FROM `user` [ RunTime:0.0203s ]
SQL: select *from user where username='刘兴龙' [ RunTime:0.0017s ]
SQL: select id from user where username='刘兴龙' [ RunTime:0.0007s ]

[ 2016-03-08T15:51:09+08:00 ] 127.0.0.1 /QQ/Home/Index/index.html
INFO: [ app_init ] --START--
INFO: Run Behavior\BuildLiteBehavior [ RunTime:0.000062s ]
INFO: [ app_init ] --END-- [ RunTime:0.001960s ]
INFO: [ app_begin ] --START--
INFO: Run Behavior\ReadHtmlCacheBehavior [ RunTime:0.002488s ]
INFO: [ app_begin ] --END-- [ RunTime:0.003255s ]
SQL: SHOW COLUMNS FROM `friend` [ RunTime:0.0140s ]
SQL: select fid1name,fid1 from friend where fid2=1 [ RunTime:0.0013s ]
SQL: select fid2name,fid2 from friend where fid1=1 [ RunTime:0.0007s ]
INFO: [ view_parse ] --START--
INFO: [ template_filter ] --START--
INFO: Run Behavior\ContentReplaceBehavior [ RunTime:0.000292s ]
INFO: [ template_filter ] --END-- [ RunTime:0.000537s ]
INFO: Run Behavior\ParseTemplateBehavior [ RunTime:0.048434s ]
INFO: [ view_parse ] --END-- [ RunTime:0.048754s ]
INFO: [ view_filter ] --START--
INFO: Run Behavior\WriteHtmlCacheBehavior [ RunTime:0.002015s ]
INFO: [ view_filter ] --END-- [ RunTime:0.002308s ]
INFO: [ app_end ] --START--
INFO: Run Behavior\ShowPageTraceBehavior [ RunTime:0.002892s ]
INFO: [ app_end ] --END-- [ RunTime:0.003256s ]

[ 2016-03-08T15:51:09+08:00 ] 127.0.0.1 /QQ/Home/Index/index.html
INFO: [ app_init ] --START--
INFO: Run Behavior\BuildLiteBehavior [ RunTime:0.000173s ]
INFO: [ app_init ] --END-- [ RunTime:0.002507s ]
INFO: [ app_begin ] --START--
INFO: Run Behavior\ReadHtmlCacheBehavior [ RunTime:0.003316s ]
INFO: [ app_begin ] --END-- [ RunTime:0.004366s ]
SQL: SHOW COLUMNS FROM `friend` [ RunTime:0.0153s ]
SQL: select fid1name,fid1 from friend where fid2=1 [ RunTime:0.0010s ]
SQL: select fid2name,fid2 from friend where fid1=1 [ RunTime:0.0013s ]
INFO: [ view_parse ] --START--
INFO: [ template_filter ] --START--
INFO: Run Behavior\ContentReplaceBehavior [ RunTime:0.000361s ]
INFO: [ template_filter ] --END-- [ RunTime:0.000679s ]
INFO: Run Behavior\ParseTemplateBehavior [ RunTime:0.053019s ]
INFO: [ view_parse ] --END-- [ RunTime:0.053481s ]
INFO: [ view_filter ] --START--
INFO: Run Behavior\WriteHtmlCacheBehavior [ RunTime:0.001443s ]
INFO: [ view_filter ] --END-- [ RunTime:0.001693s ]
INFO: [ app_end ] --START--
INFO: Run Behavior\ShowPageTraceBehavior [ RunTime:0.001914s ]
INFO: [ app_end ] --END-- [ RunTime:0.002172s ]

[ 2016-03-08T15:51:13+08:00 ] 127.0.0.1 /QQ/Home/Index/setfriend.html
INFO: [ app_init ] --START--
INFO: Run Behavior\BuildLiteBehavior [ RunTime:0.000093s ]
INFO: [ app_init ] --END-- [ RunTime:0.010663s ]
INFO: [ app_begin ] --START--
INFO: Run Behavior\ReadHtmlCacheBehavior [ RunTime:0.011469s ]
INFO: [ app_begin ] --END-- [ RunTime:0.011931s ]
SQL: SHOW COLUMNS FROM `news` [ RunTime:0.0284s ]
SQL: select flag,info,fid1 from news where fid1=1 and fid2=5 or fid1=5 and fid2=1 [ RunTime:0.0084s ]

[ 2016-03-08T15:51:13+08:00 ] 127.0.0.1 /QQ/Home/Index/setfriend.html
INFO: [ app_init ] --START--
INFO: Run Behavior\BuildLiteBehavior [ RunTime:0.000092s ]
INFO: [ app_init ] --END-- [ RunTime:0.002011s ]
INFO: [ app_begin ] --START--
INFO: Run Behavior\ReadHtmlCacheBehavior [ RunTime:0.003413s ]
INFO: [ app_begin ] --END-- [ RunTime:0.004643s ]
SQL: SHOW COLUMNS FROM `news` [ RunTime:0.0139s ]
SQL: select flag,info,fid1 from news where fid1=1 and fid2=5 or fid1=5 and fid2=1 [ RunTime:0.0011s ]

[ 2016-03-08T15:51:14+08:00 ] 127.0.0.1 /QQ/Home/Index/setfriend.html
INFO: [ app_init ] --START--
INFO: Run Behavior\BuildLiteBehavior [ RunTime:0.000058s ]
INFO: [ app_init ] --END-- [ RunTime:0.001286s ]
INFO: [ app_begin ] --START--
INFO: Run Behavior\ReadHtmlCacheBehavior [ RunTime:0.002002s ]
INFO: [ app_begin ] --END-- [ RunTime:0.002327s ]
SQL: SHOW COLUMNS FROM `news` [ RunTime:0.0143s ]
SQL: select flag,info,fid1 from news where fid1=1 and fid2=5 or fid1=5 and fid2=1 [ RunTime:0.0014s ]

[ 2016-03-08T15:51:15+08:00 ] 127.0.0.1 /QQ/Home/Index/setfriend.html
INFO: [ app_init ] --START--
INFO: Run Behavior\BuildLiteBehavior [ RunTime:0.000094s ]
INFO: [ app_init ] --END-- [ RunTime:0.002067s ]
INFO: [ app_begin ] --START--
INFO: Run Behavior\ReadHtmlCacheBehavior [ RunTime:0.026837s ]
INFO: [ app_begin ] --END-- [ RunTime:0.027268s ]
SQL: SHOW COLUMNS FROM `news` [ RunTime:0.2859s ]
SQL: select flag,info,fid1 from news where fid1=1 and fid2=3 or fid1=3 and fid2=1 [ RunTime:0.0018s ]

[ 2016-03-08T15:51:16+08:00 ] 127.0.0.1 /QQ/Home/Index/setfriend.html
INFO: [ app_init ] --START--
INFO: Run Behavior\BuildLiteBehavior [ RunTime:0.000101s ]
INFO: [ app_init ] --END-- [ RunTime:0.005526s ]
INFO: [ app_begin ] --START--
INFO: Run Behavior\ReadHtmlCacheBehavior [ RunTime:0.002669s ]
INFO: [ app_begin ] --END-- [ RunTime:0.003269s ]
SQL: SHOW COLUMNS FROM `news` [ RunTime:0.0123s ]
SQL: select flag,info,fid1 from news where fid1=1 and fid2=3 or fid1=3 and fid2=1 [ RunTime:0.0012s ]

[ 2016-03-08T15:51:17+08:00 ] 127.0.0.1 /QQ/Home/Index/setfriend.html
INFO: [ app_init ] --START--
INFO: Run Behavior\BuildLiteBehavior [ RunTime:0.000061s ]
INFO: [ app_init ] --END-- [ RunTime:0.001580s ]
INFO: [ app_begin ] --START--
INFO: Run Behavior\ReadHtmlCacheBehavior [ RunTime:0.001670s ]
INFO: [ app_begin ] --END-- [ RunTime:0.001935s ]
SQL: SHOW COLUMNS FROM `news` [ RunTime:0.0090s ]
SQL: select flag,info,fid1 from news where fid1=1 and fid2=3 or fid1=3 and fid2=1 [ RunTime:0.0011s ]

[ 2016-03-08T15:51:18+08:00 ] 127.0.0.1 /QQ/Home/Index/setfriend.html
INFO: [ app_init ] --START--
INFO: Run Behavior\BuildLiteBehavior [ RunTime:0.000096s ]
INFO: [ app_init ] --END-- [ RunTime:0.002394s ]
INFO: [ app_begin ] --START--
INFO: Run Behavior\ReadHtmlCacheBehavior [ RunTime:0.003269s ]
INFO: [ app_begin ] --END-- [ RunTime:0.003690s ]
SQL: SHOW COLUMNS FROM `news` [ RunTime:0.0148s ]
SQL: select flag,info,fid1 from news where fid1=1 and fid2=3 or fid1=3 and fid2=1 [ RunTime:0.0013s ]

[ 2016-03-08T15:51:19+08:00 ] 127.0.0.1 /QQ/Home/Index/setfriend.html
INFO: [ app_init ] --START--
INFO: Run Behavior\BuildLiteBehavior [ RunTime:0.000089s ]
INFO: [ app_init ] --END-- [ RunTime:0.002327s ]
INFO: [ app_begin ] --START--
INFO: Run Behavior\ReadHtmlCacheBehavior [ RunTime:0.007755s ]
INFO: [ app_begin ] --END-- [ RunTime:0.008389s ]
SQL: SHOW COLUMNS FROM `news` [ RunTime:0.0132s ]
SQL: select flag,info,fid1 from news where fid1=1 and fid2=3 or fid1=3 and fid2=1 [ RunTime:0.0012s ]

[ 2016-03-08T15:51:19+08:00 ] 127.0.0.1 /QQ/Home/Index/info.html
INFO: [ app_init ] --START--
INFO: Run Behavior\BuildLiteBehavior [ RunTime:0.000096s ]
INFO: [ app_init ] --END-- [ RunTime:0.002083s ]
INFO: [ app_begin ] --START--
INFO: Run Behavior\ReadHtmlCacheBehavior [ RunTime:0.006950s ]
INFO: [ app_begin ] --END-- [ RunTime:0.007720s ]
SQL: SHOW COLUMNS FROM `friend` [ RunTime:0.0126s ]
SQL: select flag,id from friend where fid1=1 and fid2=3 or fid1=3 and fid2=1 [ RunTime:0.0009s ]
SQL: UPDATE `friend` SET `flag`='2' WHERE ( id=15 ) [ RunTime:0.0288s ]
SQL: SHOW COLUMNS FROM `news` [ RunTime:0.0113s ]
SQL: INSERT INTO `news` (`fid1`,`fid2`,`flag`,`info`,`time`) VALUES ('1','3','2','dshcbdsjb','2016-03-08 15:51') [ RunTime:0.0079s ]
INFO: [ app_end ] --START--
INFO: Run Behavior\ShowPageTraceBehavior [ RunTime:0.002894s ]
INFO: [ app_end ] --END-- [ RunTime:0.003312s ]

[ 2016-03-08T15:51:20+08:00 ] 127.0.0.1 /QQ/Home/Index/setfriend.html
INFO: [ app_init ] --START--
INFO: Run Behavior\BuildLiteBehavior [ RunTime:0.000059s ]
INFO: [ app_init ] --END-- [ RunTime:0.001276s ]
INFO: [ app_begin ] --START--
INFO: Run Behavior\ReadHtmlCacheBehavior [ RunTime:0.003419s ]
INFO: [ app_begin ] --END-- [ RunTime:0.003772s ]
SQL: SHOW COLUMNS FROM `news` [ RunTime:0.0129s ]
SQL: select flag,info,fid1 from news where fid1=1 and fid2=3 or fid1=3 and fid2=1 [ RunTime:0.0012s ]

[ 2016-03-08T15:51:21+08:00 ] 127.0.0.1 /QQ/Home/Index/setfriend.html
INFO: [ app_init ] --START--
INFO: Run Behavior\BuildLiteBehavior [ RunTime:0.000086s ]
INFO: [ app_init ] --END-- [ RunTime:0.001395s ]
INFO: [ app_begin ] --START--
INFO: Run Behavior\ReadHtmlCacheBehavior [ RunTime:0.002213s ]
INFO: [ app_begin ] --END-- [ RunTime:0.002616s ]
SQL: SHOW COLUMNS FROM `news` [ RunTime:0.0139s ]
SQL: select flag,info,fid1 from news where fid1=1 and fid2=3 or fid1=3 and fid2=1 [ RunTime:0.0011s ]

[ 2016-03-08T15:51:22+08:00 ] 127.0.0.1 /QQ/Home/Index/setfriend.html
INFO: [ app_init ] --START--
INFO: Run Behavior\BuildLiteBehavior [ RunTime:0.000057s ]
INFO: [ app_init ] --END-- [ RunTime:0.001328s ]
INFO: [ app_begin ] --START--
INFO: Run Behavior\ReadHtmlCacheBehavior [ RunTime:0.001978s ]
INFO: [ app_begin ] --END-- [ RunTime:0.002332s ]
SQL: SHOW COLUMNS FROM `news` [ RunTime:0.0126s ]
SQL: select flag,info,fid1 from news where fid1=1 and fid2=3 or fid1=3 and fid2=1 [ RunTime:0.0010s ]

[ 2016-03-08T15:51:23+08:00 ] 127.0.0.1 /QQ/Home/Index/setfriend.html
INFO: [ app_init ] --START--
INFO: Run Behavior\BuildLiteBehavior [ RunTime:0.000057s ]
INFO: [ app_init ] --END-- [ RunTime:0.001348s ]
INFO: [ app_begin ] --START--
INFO: Run Behavior\ReadHtmlCacheBehavior [ RunTime:0.003340s ]
INFO: [ app_begin ] --END-- [ RunTime:0.003767s ]
SQL: SHOW COLUMNS FROM `news` [ RunTime:0.0127s ]
SQL: select flag,info,fid1 from news where fid1=1 and fid2=3 or fid1=3 and fid2=1 [ RunTime:0.0012s ]

[ 2016-03-08T15:51:24+08:00 ] 127.0.0.1 /QQ/Home/Index/setfriend.html
INFO: [ app_init ] --START--
INFO: Run Behavior\BuildLiteBehavior [ RunTime:0.000060s ]
INFO: [ app_init ] --END-- [ RunTime:0.001391s ]
INFO: [ app_begin ] --START--
INFO: Run Behavior\ReadHtmlCacheBehavior [ RunTime:0.003380s ]
INFO: [ app_begin ] --END-- [ RunTime:0.003729s ]
SQL: SHOW COLUMNS FROM `news` [ RunTime:0.0113s ]
SQL: select flag,info,fid1 from news where fid1=1 and fid2=3 or fid1=3 and fid2=1 [ RunTime:0.0024s ]

[ 2016-03-08T15:51:25+08:00 ] 127.0.0.1 /QQ/Home/Index/setfriend.html
INFO: [ app_init ] --START--
INFO: Run Behavior\BuildLiteBehavior [ RunTime:0.000058s ]
INFO: [ app_init ] --END-- [ RunTime:0.001255s ]
INFO: [ app_begin ] --START--
INFO: Run Behavior\ReadHtmlCacheBehavior [ RunTime:0.004316s ]
INFO: [ app_begin ] --END-- [ RunTime:0.004856s ]
SQL: SHOW COLUMNS FROM `news` [ RunTime:0.0130s ]
SQL: select flag,info,fid1 from news where fid1=1 and fid2=3 or fid1=3 and fid2=1 [ RunTime:0.0015s ]

[ 2016-03-08T15:51:26+08:00 ] 127.0.0.1 /QQ/Home/Index/setfriend.html
INFO: [ app_init ] --START--
INFO: Run Behavior\BuildLiteBehavior [ RunTime:0.000092s ]
INFO: [ app_init ] --END-- [ RunTime:0.001988s ]
INFO: [ app_begin ] --START--
INFO: Run Behavior\ReadHtmlCacheBehavior [ RunTime:0.002661s ]
INFO: [ app_begin ] --END-- [ RunTime:0.003276s ]
SQL: SHOW COLUMNS FROM `news` [ RunTime:0.0127s ]
SQL: select flag,info,fid1 from news where fid1=1 and fid2=3 or fid1=3 and fid2=1 [ RunTime:0.0013s ]

[ 2016-03-08T15:51:27+08:00 ] 127.0.0.1 /QQ/Home/Index/setfriend.html
INFO: [ app_init ] --START--
INFO: Run Behavior\BuildLiteBehavior [ RunTime:0.000056s ]
INFO: [ app_init ] --END-- [ RunTime:0.001225s ]
INFO: [ app_begin ] --START--
INFO: Run Behavior\ReadHtmlCacheBehavior [ RunTime:0.001914s ]
INFO: [ app_begin ] --END-- [ RunTime:0.002170s ]
SQL: SHOW COLUMNS FROM `news` [ RunTime:0.0123s ]
SQL: select flag,info,fid1 from news where fid1=1 and fid2=3 or fid1=3 and fid2=1 [ RunTime:0.0009s ]

[ 2016-03-08T15:51:28+08:00 ] 127.0.0.1 /QQ/Home/Index/setfriend.html
INFO: [ app_init ] --START--
INFO: Run Behavior\BuildLiteBehavior [ RunTime:0.001661s ]
INFO: [ app_init ] --END-- [ RunTime:0.003912s ]
INFO: [ app_begin ] --START--
INFO: Run Behavior\ReadHtmlCacheBehavior [ RunTime:0.001834s ]
INFO: [ app_begin ] --END-- [ RunTime:0.002507s ]
SQL: SHOW COLUMNS FROM `news` [ RunTime:0.0117s ]
SQL: select flag,info,fid1 from news where fid1=1 and fid2=3 or fid1=3 and fid2=1 [ RunTime:0.0010s ]

[ 2016-03-08T15:51:29+08:00 ] 127.0.0.1 /QQ/Home/Index/setfriend.html
INFO: [ app_init ] --START--
INFO: Run Behavior\BuildLiteBehavior [ RunTime:0.000094s ]
INFO: [ app_init ] --END-- [ RunTime:0.001511s ]
INFO: [ app_begin ] --START--
INFO: Run Behavior\ReadHtmlCacheBehavior [ RunTime:0.002339s ]
INFO: [ app_begin ] --END-- [ RunTime:0.002696s ]
SQL: SHOW COLUMNS FROM `news` [ RunTime:0.0150s ]
SQL: select flag,info,fid1 from news where fid1=1 and fid2=3 or fid1=3 and fid2=1 [ RunTime:0.0014s ]

[ 2016-03-08T15:51:30+08:00 ] 127.0.0.1 /QQ/Home/Index/setfriend.html
INFO: [ app_init ] --START--
INFO: Run Behavior\BuildLiteBehavior [ RunTime:0.000065s ]
INFO: [ app_init ] --END-- [ RunTime:0.001627s ]
INFO: [ app_begin ] --START--
INFO: Run Behavior\ReadHtmlCacheBehavior [ RunTime:0.001720s ]
INFO: [ app_begin ] --END-- [ RunTime:0.001979s ]
SQL: SHOW COLUMNS FROM `news` [ RunTime:0.0110s ]
SQL: select flag,info,fid1 from news where fid1=1 and fid2=3 or fid1=3 and fid2=1 [ RunTime:0.0013s ]

[ 2016-03-08T15:51:31+08:00 ] 127.0.0.1 /QQ/Home/Index/setfriend.html
INFO: [ app_init ] --START--
INFO: Run Behavior\BuildLiteBehavior [ RunTime:0.000097s ]
INFO: [ app_init ] --END-- [ RunTime:0.001889s ]
INFO: [ app_begin ] --START--
INFO: Run Behavior\ReadHtmlCacheBehavior [ RunTime:0.006364s ]
INFO: [ app_begin ] --END-- [ RunTime:0.006828s ]
SQL: SHOW COLUMNS FROM `news` [ RunTime:0.0159s ]
SQL: select flag,info,fid1 from news where fid1=1 and fid2=3 or fid1=3 and fid2=1 [ RunTime:0.0013s ]

[ 2016-03-08T15:51:32+08:00 ] 127.0.0.1 /QQ/Home/Index/setfriend.html
INFO: [ app_init ] --START--
INFO: Run Behavior\BuildLiteBehavior [ RunTime:0.000096s ]
INFO: [ app_init ] --END-- [ RunTime:0.002317s ]
INFO: [ app_begin ] --START--
INFO: Run Behavior\ReadHtmlCacheBehavior [ RunTime:0.002827s ]
INFO: [ app_begin ] --END-- [ RunTime:0.003364s ]
SQL: SHOW COLUMNS FROM `news` [ RunTime:0.0137s ]
SQL: select flag,info,fid1 from news where fid1=1 and fid2=3 or fid1=3 and fid2=1 [ RunTime:0.0012s ]

[ 2016-03-08T15:51:33+08:00 ] 127.0.0.1 /QQ/Home/Index/setfriend.html
INFO: [ app_init ] --START--
INFO: Run Behavior\BuildLiteBehavior [ RunTime:0.000112s ]
INFO: [ app_init ] --END-- [ RunTime:0.001383s ]
INFO: [ app_begin ] --START--
INFO: Run Behavior\ReadHtmlCacheBehavior [ RunTime:0.001594s ]
INFO: [ app_begin ] --END-- [ RunTime:0.001886s ]
SQL: SHOW COLUMNS FROM `news` [ RunTime:0.0116s ]
SQL: select flag,info,fid1 from news where fid1=1 and fid2=3 or fid1=3 and fid2=1 [ RunTime:0.0011s ]

[ 2016-03-08T15:51:34+08:00 ] 127.0.0.1 /QQ/Home/Index/setfriend.html
INFO: [ app_init ] --START--
INFO: Run Behavior\BuildLiteBehavior [ RunTime:0.000059s ]
INFO: [ app_init ] --END-- [ RunTime:0.001454s ]
INFO: [ app_begin ] --START--
INFO: Run Behavior\ReadHtmlCacheBehavior [ RunTime:0.001833s ]
INFO: [ app_begin ] --END-- [ RunTime:0.002150s ]
SQL: SHOW COLUMNS FROM `news` [ RunTime:0.0123s ]
SQL: select flag,info,fid1 from news where fid1=1 and fid2=3 or fid1=3 and fid2=1 [ RunTime:0.0012s ]

[ 2016-03-08T15:51:35+08:00 ] 127.0.0.1 /QQ/Home/Index/setfriend.html
INFO: [ app_init ] --START--
INFO: Run Behavior\BuildLiteBehavior [ RunTime:0.000058s ]
INFO: [ app_init ] --END-- [ RunTime:0.001210s ]
INFO: [ app_begin ] --START--
INFO: Run Behavior\ReadHtmlCacheBehavior [ RunTime:0.001675s ]
INFO: [ app_begin ] --END-- [ RunTime:0.001912s ]
SQL: SHOW COLUMNS FROM `news` [ RunTime:0.0103s ]
SQL: select flag,info,fid1 from news where fid1=1 and fid2=3 or fid1=3 and fid2=1 [ RunTime:0.0015s ]

[ 2016-03-08T15:51:36+08:00 ] 127.0.0.1 /QQ/Home/Index/setfriend.html
INFO: [ app_init ] --START--
INFO: Run Behavior\BuildLiteBehavior [ RunTime:0.000099s ]
INFO: [ app_init ] --END-- [ RunTime:0.005023s ]
INFO: [ app_begin ] --START--
INFO: Run Behavior\ReadHtmlCacheBehavior [ RunTime:0.002794s ]
INFO: [ app_begin ] --END-- [ RunTime:0.003733s ]
SQL: SHOW COLUMNS FROM `news` [ RunTime:0.0143s ]
SQL: select flag,info,fid1 from news where fid1=1 and fid2=3 or fid1=3 and fid2=1 [ RunTime:0.0012s ]

[ 2016-03-08T15:51:36+08:00 ] 127.0.0.1 /QQ/Home/Index/setfriend.html
INFO: [ app_init ] --START--
INFO: Run Behavior\BuildLiteBehavior [ RunTime:0.000154s ]
INFO: [ app_init ] --END-- [ RunTime:0.003308s ]
INFO: [ app_begin ] --START--
INFO: Run Behavior\ReadHtmlCacheBehavior [ RunTime:0.011224s ]
INFO: [ app_begin ] --END-- [ RunTime:0.011735s ]
SQL: SHOW COLUMNS FROM `news` [ RunTime:0.0143s ]
SQL: select flag,info,fid1 from news where fid1=1 and fid2=5 or fid1=5 and fid2=1 [ RunTime:0.0018s ]

[ 2016-03-08T15:51:37+08:00 ] 127.0.0.1 /QQ/Home/Index/setfriend.html
INFO: [ app_init ] --START--
INFO: Run Behavior\BuildLiteBehavior [ RunTime:0.000105s ]
INFO: [ app_init ] --END-- [ RunTime:0.001968s ]
INFO: [ app_begin ] --START--
INFO: Run Behavior\ReadHtmlCacheBehavior [ RunTime:0.010342s ]
INFO: [ app_begin ] --END-- [ RunTime:0.010857s ]
SQL: SHOW COLUMNS FROM `news` [ RunTime:0.0162s ]
SQL: select flag,info,fid1 from news where fid1=1 and fid2=3 or fid1=3 and fid2=1 [ RunTime:0.0012s ]

[ 2016-03-08T15:51:38+08:00 ] 127.0.0.1 /QQ/Home/Index/setfriend.html
INFO: [ app_init ] --START--
INFO: Run Behavior\BuildLiteBehavior [ RunTime:0.000083s ]
INFO: [ app_init ] --END-- [ RunTime:0.001718s ]
INFO: [ app_begin ] --START--
INFO: Run Behavior\ReadHtmlCacheBehavior [ RunTime:0.005020s ]
INFO: [ app_begin ] --END-- [ RunTime:0.005567s ]
SQL: SHOW COLUMNS FROM `news` [ RunTime:0.0138s ]
SQL: select flag,info,fid1 from news where fid1=1 and fid2=2 or fid1=2 and fid2=1 [ RunTime:0.0011s ]

[ 2016-03-08T15:51:39+08:00 ] 127.0.0.1 /QQ/Home/Index/setfriend.html
INFO: [ app_init ] --START--
INFO: Run Behavior\BuildLiteBehavior [ RunTime:0.000059s ]
INFO: [ app_init ] --END-- [ RunTime:0.001331s ]
INFO: [ app_begin ] --START--
INFO: Run Behavior\ReadHtmlCacheBehavior [ RunTime:0.002853s ]
INFO: [ app_begin ] --END-- [ RunTime:0.003659s ]
SQL: SHOW COLUMNS FROM `news` [ RunTime:0.1988s ]
SQL: select flag,info,fid1 from news where fid1=1 and fid2=2 or fid1=2 and fid2=1 [ RunTime:0.0015s ]

[ 2016-03-08T15:51:39+08:00 ] 127.0.0.1 /QQ/Home/Index/setfriend.html
INFO: [ app_init ] --START--
INFO: Run Behavior\BuildLiteBehavior [ RunTime:0.000093s ]
INFO: [ app_init ] --END-- [ RunTime:0.019029s ]
INFO: [ app_begin ] --START--
INFO: Run Behavior\ReadHtmlCacheBehavior [ RunTime:0.036749s ]
INFO: [ app_begin ] --END-- [ RunTime:0.050966s ]
SQL: SHOW COLUMNS FROM `news` [ RunTime:0.0159s ]
SQL: select flag,info,fid1 from news where fid1=1 and fid2=3 or fid1=3 and fid2=1 [ RunTime:0.0013s ]

[ 2016-03-08T15:51:40+08:00 ] 127.0.0.1 /QQ/Home/Index/setfriend.html
INFO: [ app_init ] --START--
INFO: Run Behavior\BuildLiteBehavior [ RunTime:0.000323s ]
INFO: [ app_init ] --END-- [ RunTime:0.004119s ]
INFO: [ app_begin ] --START--
INFO: Run Behavior\ReadHtmlCacheBehavior [ RunTime:0.008023s ]
INFO: [ app_begin ] --END-- [ RunTime:0.008602s ]
SQL: SHOW COLUMNS FROM `news` [ RunTime:0.0136s ]
SQL: select flag,info,fid1 from news where fid1=1 and fid2=3 or fid1=3 and fid2=1 [ RunTime:0.0012s ]

[ 2016-03-08T15:51:41+08:00 ] 127.0.0.1 /QQ/Home/Index/setfriend.html
INFO: [ app_init ] --START--
INFO: Run Behavior\BuildLiteBehavior [ RunTime:0.000102s ]
INFO: [ app_init ] --END-- [ RunTime:0.002049s ]
INFO: [ app_begin ] --START--
INFO: Run Behavior\ReadHtmlCacheBehavior [ RunTime:0.002981s ]
INFO: [ app_begin ] --END-- [ RunTime:0.003496s ]
SQL: SHOW COLUMNS FROM `news` [ RunTime:0.0125s ]
SQL: select flag,info,fid1 from news where fid1=1 and fid2=3 or fid1=3 and fid2=1 [ RunTime:0.0012s ]

[ 2016-03-08T15:51:42+08:00 ] 127.0.0.1 /QQ/Home/Index/setfriend.html
INFO: [ app_init ] --START--
INFO: Run Behavior\BuildLiteBehavior [ RunTime:0.000080s ]
INFO: [ app_init ] --END-- [ RunTime:0.001596s ]
INFO: [ app_begin ] --START--
INFO: Run Behavior\ReadHtmlCacheBehavior [ RunTime:0.004214s ]
INFO: [ app_begin ] --END-- [ RunTime:0.004634s ]
SQL: SHOW COLUMNS FROM `news` [ RunTime:0.0105s ]
SQL: select flag,info,fid1 from news where fid1=1 and fid2=3 or fid1=3 and fid2=1 [ RunTime:0.0012s ]

[ 2016-03-08T15:51:43+08:00 ] 127.0.0.1 /QQ/Home/Index/setfriend.html
INFO: [ app_init ] --START--
INFO: Run Behavior\BuildLiteBehavior [ RunTime:0.000062s ]
INFO: [ app_init ] --END-- [ RunTime:0.001723s ]
INFO: [ app_begin ] --START--
INFO: Run Behavior\ReadHtmlCacheBehavior [ RunTime:0.003231s ]
INFO: [ app_begin ] --END-- [ RunTime:0.003658s ]
SQL: SHOW COLUMNS FROM `news` [ RunTime:0.0132s ]
SQL: select flag,info,fid1 from news where fid1=1 and fid2=3 or fid1=3 and fid2=1 [ RunTime:0.0014s ]

[ 2016-03-08T15:51:44+08:00 ] 127.0.0.1 /QQ/Home/Index/setfriend.html
INFO: [ app_init ] --START--
INFO: Run Behavior\BuildLiteBehavior [ RunTime:0.000092s ]
INFO: [ app_init ] --END-- [ RunTime:0.006772s ]
INFO: [ app_begin ] --START--
INFO: Run Behavior\ReadHtmlCacheBehavior [ RunTime:0.001740s ]
INFO: [ app_begin ] --END-- [ RunTime:0.002078s ]
SQL: SHOW COLUMNS FROM `news` [ RunTime:0.0139s ]
SQL: select flag,info,fid1 from news where fid1=1 and fid2=3 or fid1=3 and fid2=1 [ RunTime:0.0015s ]

[ 2016-03-08T15:51:45+08:00 ] 127.0.0.1 /QQ/Home/Index/setfriend.html
INFO: [ app_init ] --START--
INFO: Run Behavior\BuildLiteBehavior [ RunTime:0.000180s ]
INFO: [ app_init ] --END-- [ RunTime:0.001660s ]
INFO: [ app_begin ] --START--
INFO: Run Behavior\ReadHtmlCacheBehavior [ RunTime:0.003428s ]
INFO: [ app_begin ] --END-- [ RunTime:0.005007s ]
SQL: SHOW COLUMNS FROM `news` [ RunTime:0.0138s ]
SQL: select flag,info,fid1 from news where fid1=1 and fid2=3 or fid1=3 and fid2=1 [ RunTime:0.0010s ]

[ 2016-03-08T15:51:46+08:00 ] 127.0.0.1 /QQ/Home/Index/setfriend.html
INFO: [ app_init ] --START--
INFO: Run Behavior\BuildLiteBehavior [ RunTime:0.000094s ]
INFO: [ app_init ] --END-- [ RunTime:0.001974s ]
INFO: [ app_begin ] --START--
INFO: Run Behavior\ReadHtmlCacheBehavior [ RunTime:0.002612s ]
INFO: [ app_begin ] --END-- [ RunTime:0.003069s ]
SQL: SHOW COLUMNS FROM `news` [ RunTime:0.0127s ]
SQL: select flag,info,fid1 from news where fid1=1 and fid2=3 or fid1=3 and fid2=1 [ RunTime:0.0009s ]

[ 2016-03-08T15:51:47+08:00 ] 127.0.0.1 /QQ/Home/Index/setfriend.html
INFO: [ app_init ] --START--
INFO: Run Behavior\BuildLiteBehavior [ RunTime:0.000102s ]
INFO: [ app_init ] --END-- [ RunTime:0.003630s ]
INFO: [ app_begin ] --START--
INFO: Run Behavior\ReadHtmlCacheBehavior [ RunTime:0.002333s ]
INFO: [ app_begin ] --END-- [ RunTime:0.002750s ]
SQL: SHOW COLUMNS FROM `news` [ RunTime:0.0129s ]
SQL: select flag,info,fid1 from news where fid1=1 and fid2=3 or fid1=3 and fid2=1 [ RunTime:0.0011s ]

[ 2016-03-08T15:51:48+08:00 ] 127.0.0.1 /QQ/Home/Index/setfriend.html
INFO: [ app_init ] --START--
INFO: Run Behavior\BuildLiteBehavior [ RunTime:0.000058s ]
INFO: [ app_init ] --END-- [ RunTime:0.001363s ]
INFO: [ app_begin ] --START--
INFO: Run Behavior\ReadHtmlCacheBehavior [ RunTime:0.002083s ]
INFO: [ app_begin ] --END-- [ RunTime:0.002488s ]
SQL: SHOW COLUMNS FROM `news` [ RunTime:0.0100s ]
SQL: select flag,info,fid1 from news where fid1=1 and fid2=3 or fid1=3 and fid2=1 [ RunTime:0.0015s ]

[ 2016-03-08T15:51:49+08:00 ] 127.0.0.1 /QQ/Home/Index/setfriend.html
INFO: [ app_init ] --START--
INFO: Run Behavior\BuildLiteBehavior [ RunTime:0.000060s ]
INFO: [ app_init ] --END-- [ RunTime:0.001589s ]
INFO: [ app_begin ] --START--
INFO: Run Behavior\ReadHtmlCacheBehavior [ RunTime:0.001762s ]
INFO: [ app_begin ] --END-- [ RunTime:0.002003s ]
SQL: SHOW COLUMNS FROM `news` [ RunTime:0.0167s ]
SQL: select flag,info,fid1 from news where fid1=1 and fid2=3 or fid1=3 and fid2=1 [ RunTime:0.0015s ]

[ 2016-03-08T15:51:50+08:00 ] 127.0.0.1 /QQ/Home/Index/setfriend.html
INFO: [ app_init ] --START--
INFO: Run Behavior\BuildLiteBehavior [ RunTime:0.000097s ]
INFO: [ app_init ] --END-- [ RunTime:0.003261s ]
INFO: [ app_begin ] --START--
INFO: Run Behavior\ReadHtmlCacheBehavior [ RunTime:0.002120s ]
INFO: [ app_begin ] --END-- [ RunTime:0.002509s ]
SQL: SHOW COLUMNS FROM `news` [ RunTime:0.0125s ]
SQL: select flag,info,fid1 from news where fid1=1 and fid2=3 or fid1=3 and fid2=1 [ RunTime:0.0013s ]

[ 2016-03-08T15:51:51+08:00 ] 127.0.0.1 /QQ/Home/Index/setfriend.html
INFO: [ app_init ] --START--
INFO: Run Behavior\BuildLiteBehavior [ RunTime:0.000085s ]
INFO: [ app_init ] --END-- [ RunTime:0.001440s ]
INFO: [ app_begin ] --START--
INFO: Run Behavior\ReadHtmlCacheBehavior [ RunTime:0.001977s ]
INFO: [ app_begin ] --END-- [ RunTime:0.002237s ]
SQL: SHOW COLUMNS FROM `news` [ RunTime:0.0145s ]
SQL: select flag,info,fid1 from news where fid1=1 and fid2=3 or fid1=3 and fid2=1 [ RunTime:0.0013s ]

[ 2016-03-08T15:51:52+08:00 ] 127.0.0.1 /QQ/Home/Index/setfriend.html
INFO: [ app_init ] --START--
INFO: Run Behavior\BuildLiteBehavior [ RunTime:0.000087s ]
INFO: [ app_init ] --END-- [ RunTime:0.001956s ]
INFO: [ app_begin ] --START--
INFO: Run Behavior\ReadHtmlCacheBehavior [ RunTime:0.002913s ]
INFO: [ app_begin ] --END-- [ RunTime:0.003701s ]
SQL: SHOW COLUMNS FROM `news` [ RunTime:0.0117s ]
SQL: select flag,info,fid1 from news where fid1=1 and fid2=3 or fid1=3 and fid2=1 [ RunTime:0.0013s ]

[ 2016-03-08T15:51:53+08:00 ] 127.0.0.1 /QQ/Home/Index/setfriend.html
INFO: [ app_init ] --START--
INFO: Run Behavior\BuildLiteBehavior [ RunTime:0.000102s ]
INFO: [ app_init ] --END-- [ RunTime:0.002105s ]
INFO: [ app_begin ] --START--
INFO: Run Behavior\ReadHtmlCacheBehavior [ RunTime:0.002034s ]
INFO: [ app_begin ] --END-- [ RunTime:0.002440s ]
SQL: SHOW COLUMNS FROM `news` [ RunTime:0.0145s ]
SQL: select flag,info,fid1 from news where fid1=1 and fid2=3 or fid1=3 and fid2=1 [ RunTime:0.0015s ]

[ 2016-03-08T15:51:54+08:00 ] 127.0.0.1 /QQ/Home/Index/setfriend.html
INFO: [ app_init ] --START--
INFO: Run Behavior\BuildLiteBehavior [ RunTime:0.000108s ]
INFO: [ app_init ] --END-- [ RunTime:0.002422s ]
INFO: [ app_begin ] --START--
INFO: Run Behavior\ReadHtmlCacheBehavior [ RunTime:0.006063s ]
INFO: [ app_begin ] --END-- [ RunTime:0.006639s ]
SQL: SHOW COLUMNS FROM `news` [ RunTime:0.0127s ]
SQL: select flag,info,fid1 from news where fid1=1 and fid2=3 or fid1=3 and fid2=1 [ RunTime:0.0013s ]

[ 2016-03-08T15:51:55+08:00 ] 127.0.0.1 /QQ/Home/Index/setfriend.html
INFO: [ app_init ] --START--
INFO: Run Behavior\BuildLiteBehavior [ RunTime:0.000059s ]
INFO: [ app_init ] --END-- [ RunTime:0.001364s ]
INFO: [ app_begin ] --START--
INFO: Run Behavior\ReadHtmlCacheBehavior [ RunTime:0.002210s ]
INFO: [ app_begin ] --END-- [ RunTime:0.002601s ]
SQL: SHOW COLUMNS FROM `news` [ RunTime:0.0124s ]
SQL: select flag,info,fid1 from news where fid1=1 and fid2=3 or fid1=3 and fid2=1 [ RunTime:0.0012s ]

[ 2016-03-08T15:51:56+08:00 ] 127.0.0.1 /QQ/Home/Index/setfriend.html
INFO: [ app_init ] --START--
INFO: Run Behavior\BuildLiteBehavior [ RunTime:0.000102s ]
INFO: [ app_init ] --END-- [ RunTime:0.002020s ]
INFO: [ app_begin ] --START--
INFO: Run Behavior\ReadHtmlCacheBehavior [ RunTime:0.002085s ]
INFO: [ app_begin ] --END-- [ RunTime:0.002418s ]
SQL: SHOW COLUMNS FROM `news` [ RunTime:0.0130s ]
SQL: select flag,info,fid1 from news where fid1=1 and fid2=3 or fid1=3 and fid2=1 [ RunTime:0.0012s ]

[ 2016-03-08T15:51:57+08:00 ] 127.0.0.1 /QQ/Home/Index/setfriend.html
INFO: [ app_init ] --START--
INFO: Run Behavior\BuildLiteBehavior [ RunTime:0.000158s ]
INFO: [ app_init ] --END-- [ RunTime:0.002426s ]
INFO: [ app_begin ] --START--
INFO: Run Behavior\ReadHtmlCacheBehavior [ RunTime:0.002071s ]
INFO: [ app_begin ] --END-- [ RunTime:0.002478s ]
SQL: SHOW COLUMNS FROM `news` [ RunTime:0.0141s ]
SQL: select flag,info,fid1 from news where fid1=1 and fid2=3 or fid1=3 and fid2=1 [ RunTime:0.0014s ]

[ 2016-03-08T15:51:58+08:00 ] 127.0.0.1 /QQ/Home/Index/setfriend.html
INFO: [ app_init ] --START--
INFO: Run Behavior\BuildLiteBehavior [ RunTime:0.000061s ]
INFO: [ app_init ] --END-- [ RunTime:0.001494s ]
INFO: [ app_begin ] --START--
INFO: Run Behavior\ReadHtmlCacheBehavior [ RunTime:0.006909s ]
INFO: [ app_begin ] --END-- [ RunTime:0.007226s ]
SQL: SHOW COLUMNS FROM `news` [ RunTime:0.0113s ]
SQL: select flag,info,fid1 from news where fid1=1 and fid2=3 or fid1=3 and fid2=1 [ RunTime:0.0010s ]

[ 2016-03-08T15:51:59+08:00 ] 127.0.0.1 /QQ/Home/Index/setfriend.html
INFO: [ app_init ] --START--
INFO: Run Behavior\BuildLiteBehavior [ RunTime:0.000099s ]
INFO: [ app_init ] --END-- [ RunTime:0.002000s ]
INFO: [ app_begin ] --START--
INFO: Run Behavior\ReadHtmlCacheBehavior [ RunTime:0.003420s ]
INFO: [ app_begin ] --END-- [ RunTime:0.004024s ]
SQL: SHOW COLUMNS FROM `news` [ RunTime:0.0127s ]
SQL: select flag,info,fid1 from news where fid1=1 and fid2=3 or fid1=3 and fid2=1 [ RunTime:0.0010s ]

[ 2016-03-08T15:52:00+08:00 ] 127.0.0.1 /QQ/Home/Index/setfriend.html
INFO: [ app_init ] --START--
INFO: Run Behavior\BuildLiteBehavior [ RunTime:0.000078s ]
INFO: [ app_init ] --END-- [ RunTime:0.001462s ]
INFO: [ app_begin ] --START--
INFO: Run Behavior\ReadHtmlCacheBehavior [ RunTime:0.002318s ]
INFO: [ app_begin ] --END-- [ RunTime:0.002838s ]
SQL: SHOW COLUMNS FROM `news` [ RunTime:0.0145s ]
SQL: select flag,info,fid1 from news where fid1=1 and fid2=3 or fid1=3 and fid2=1 [ RunTime:0.0027s ]

[ 2016-03-08T15:52:01+08:00 ] 127.0.0.1 /QQ/Home/Index/setfriend.html
INFO: [ app_init ] --START--
INFO: Run Behavior\BuildLiteBehavior [ RunTime:0.000060s ]
INFO: [ app_init ] --END-- [ RunTime:0.001372s ]
INFO: [ app_begin ] --START--
INFO: Run Behavior\ReadHtmlCacheBehavior [ RunTime:0.002058s ]
INFO: [ app_begin ] --END-- [ RunTime:0.002433s ]
SQL: SHOW COLUMNS FROM `news` [ RunTime:0.0141s ]
SQL: select flag,info,fid1 from news where fid1=1 and fid2=3 or fid1=3 and fid2=1 [ RunTime:0.0014s ]

[ 2016-03-08T15:52:02+08:00 ] 127.0.0.1 /QQ/Home/Index/setfriend.html
INFO: [ app_init ] --START--
INFO: Run Behavior\BuildLiteBehavior [ RunTime:0.000169s ]
INFO: [ app_init ] --END-- [ RunTime:0.003093s ]
INFO: [ app_begin ] --START--
INFO: Run Behavior\ReadHtmlCacheBehavior [ RunTime:0.002307s ]
INFO: [ app_begin ] --END-- [ RunTime:0.002662s ]
SQL: SHOW COLUMNS FROM `news` [ RunTime:0.0099s ]
SQL: select flag,info,fid1 from news where fid1=1 and fid2=3 or fid1=3 and fid2=1 [ RunTime:0.0013s ]

[ 2016-03-08T15:52:03+08:00 ] 127.0.0.1 /QQ/Home/Index/setfriend.html
INFO: [ app_init ] --START--
INFO: Run Behavior\BuildLiteBehavior [ RunTime:0.000058s ]
INFO: [ app_init ] --END-- [ RunTime:0.001257s ]
INFO: [ app_begin ] --START--
INFO: Run Behavior\ReadHtmlCacheBehavior [ RunTime:0.002031s ]
INFO: [ app_begin ] --END-- [ RunTime:0.002441s ]
SQL: SHOW COLUMNS FROM `news` [ RunTime:0.0095s ]
SQL: select flag,info,fid1 from news where fid1=1 and fid2=3 or fid1=3 and fid2=1 [ RunTime:0.0009s ]

[ 2016-03-08T15:52:04+08:00 ] 127.0.0.1 /QQ/Home/Index/setfriend.html
INFO: [ app_init ] --START--
INFO: Run Behavior\BuildLiteBehavior [ RunTime:0.001876s ]
INFO: [ app_init ] --END-- [ RunTime:0.004904s ]
INFO: [ app_begin ] --START--
INFO: Run Behavior\ReadHtmlCacheBehavior [ RunTime:0.002510s ]
INFO: [ app_begin ] --END-- [ RunTime:0.002947s ]
SQL: SHOW COLUMNS FROM `news` [ RunTime:0.0096s ]
SQL: select flag,info,fid1 from news where fid1=1 and fid2=3 or fid1=3 and fid2=1 [ RunTime:0.0010s ]

[ 2016-03-08T15:52:05+08:00 ] 127.0.0.1 /QQ/Home/Index/setfriend.html
INFO: [ app_init ] --START--
INFO: Run Behavior\BuildLiteBehavior [ RunTime:0.000121s ]
INFO: [ app_init ] --END-- [ RunTime:0.001528s ]
INFO: [ app_begin ] --START--
INFO: Run Behavior\ReadHtmlCacheBehavior [ RunTime:0.002774s ]
INFO: [ app_begin ] --END-- [ RunTime:0.003837s ]
SQL: SHOW COLUMNS FROM `news` [ RunTime:0.0116s ]
SQL: select flag,info,fid1 from news where fid1=1 and fid2=3 or fid1=3 and fid2=1 [ RunTime:0.0010s ]

[ 2016-03-08T15:52:06+08:00 ] 127.0.0.1 /QQ/Home/Index/setfriend.html
INFO: [ app_init ] --START--
INFO: Run Behavior\BuildLiteBehavior [ RunTime:0.000081s ]
INFO: [ app_init ] --END-- [ RunTime:0.001660s ]
INFO: [ app_begin ] --START--
INFO: Run Behavior\ReadHtmlCacheBehavior [ RunTime:0.001866s ]
INFO: [ app_begin ] --END-- [ RunTime:0.002115s ]
SQL: SHOW COLUMNS FROM `news` [ RunTime:0.0121s ]
SQL: select flag,info,fid1 from news where fid1=1 and fid2=3 or fid1=3 and fid2=1 [ RunTime:0.0009s ]

[ 2016-03-08T15:52:07+08:00 ] 127.0.0.1 /QQ/Home/Index/setfriend.html
INFO: [ app_init ] --START--
INFO: Run Behavior\BuildLiteBehavior [ RunTime:0.000080s ]
INFO: [ app_init ] --END-- [ RunTime:0.001302s ]
INFO: [ app_begin ] --START--
INFO: Run Behavior\ReadHtmlCacheBehavior [ RunTime:0.003680s ]
INFO: [ app_begin ] --END-- [ RunTime:0.004093s ]
SQL: SHOW COLUMNS FROM `news` [ RunTime:0.0118s ]
SQL: select flag,info,fid1 from news where fid1=1 and fid2=3 or fid1=3 and fid2=1 [ RunTime:0.0021s ]

[ 2016-03-08T15:52:08+08:00 ] 127.0.0.1 /QQ/Home/Index/setfriend.html
INFO: [ app_init ] --START--
INFO: Run Behavior\BuildLiteBehavior [ RunTime:0.000164s ]
INFO: [ app_init ] --END-- [ RunTime:0.002591s ]
INFO: [ app_begin ] --START--
INFO: Run Behavior\ReadHtmlCacheBehavior [ RunTime:0.001719s ]
INFO: [ app_begin ] --END-- [ RunTime:0.002015s ]
SQL: SHOW COLUMNS FROM `news` [ RunTime:0.0129s ]
SQL: select flag,info,fid1 from news where fid1=1 and fid2=3 or fid1=3 and fid2=1 [ RunTime:0.0009s ]

[ 2016-03-08T15:52:09+08:00 ] 127.0.0.1 /QQ/Home/Index/setfriend.html
INFO: [ app_init ] --START--
INFO: Run Behavior\BuildLiteBehavior [ RunTime:0.000061s ]
INFO: [ app_init ] --END-- [ RunTime:0.001558s ]
INFO: [ app_begin ] --START--
INFO: Run Behavior\ReadHtmlCacheBehavior [ RunTime:0.001756s ]
INFO: [ app_begin ] --END-- [ RunTime:0.002163s ]
SQL: SHOW COLUMNS FROM `news` [ RunTime:0.0115s ]
SQL: select flag,info,fid1 from news where fid1=1 and fid2=3 or fid1=3 and fid2=1 [ RunTime:0.0013s ]

[ 2016-03-08T15:52:10+08:00 ] 127.0.0.1 /QQ/Home/Index/setfriend.html
INFO: [ app_init ] --START--
INFO: Run Behavior\BuildLiteBehavior [ RunTime:0.000107s ]
INFO: [ app_init ] --END-- [ RunTime:0.001714s ]
INFO: [ app_begin ] --START--
INFO: Run Behavior\ReadHtmlCacheBehavior [ RunTime:0.002084s ]
INFO: [ app_begin ] --END-- [ RunTime:0.002429s ]
SQL: SHOW COLUMNS FROM `news` [ RunTime:0.0129s ]
SQL: select flag,info,fid1 from news where fid1=1 and fid2=3 or fid1=3 and fid2=1 [ RunTime:0.0018s ]

[ 2016-03-08T15:52:11+08:00 ] 127.0.0.1 /QQ/Home/Index/setfriend.html
INFO: [ app_init ] --START--
INFO: Run Behavior\BuildLiteBehavior [ RunTime:0.000060s ]
INFO: [ app_init ] --END-- [ RunTime:0.001418s ]
INFO: [ app_begin ] --START--
INFO: Run Behavior\ReadHtmlCacheBehavior [ RunTime:0.002396s ]
INFO: [ app_begin ] --END-- [ RunTime:0.002902s ]
SQL: SHOW COLUMNS FROM `news` [ RunTime:0.0101s ]
SQL: select flag,info,fid1 from news where fid1=1 and fid2=3 or fid1=3 and fid2=1 [ RunTime:0.0010s ]

[ 2016-03-08T15:52:12+08:00 ] 127.0.0.1 /QQ/Home/Index/setfriend.html
INFO: [ app_init ] --START--
INFO: Run Behavior\BuildLiteBehavior [ RunTime:0.000066s ]
INFO: [ app_init ] --END-- [ RunTime:0.001913s ]
INFO: [ app_begin ] --START--
INFO: Run Behavior\ReadHtmlCacheBehavior [ RunTime:0.003835s ]
INFO: [ app_begin ] --END-- [ RunTime:0.004644s ]
SQL: SHOW COLUMNS FROM `news` [ RunTime:0.0117s ]
SQL: select flag,info,fid1 from news where fid1=1 and fid2=3 or fid1=3 and fid2=1 [ RunTime:0.0012s ]

[ 2016-03-08T15:52:13+08:00 ] 127.0.0.1 /QQ/Home/Index/setfriend.html
INFO: [ app_init ] --START--
INFO: Run Behavior\BuildLiteBehavior [ RunTime:0.000063s ]
INFO: [ app_init ] --END-- [ RunTime:0.001653s ]
INFO: [ app_begin ] --START--
INFO: Run Behavior\ReadHtmlCacheBehavior [ RunTime:0.002854s ]
INFO: [ app_begin ] --END-- [ RunTime:0.003617s ]
SQL: SHOW COLUMNS FROM `news` [ RunTime:0.0130s ]
SQL: select flag,info,fid1 from news where fid1=1 and fid2=3 or fid1=3 and fid2=1 [ RunTime:0.0010s ]

[ 2016-03-08T15:52:14+08:00 ] 127.0.0.1 /QQ/Home/Index/setfriend.html
INFO: [ app_init ] --START--
INFO: Run Behavior\BuildLiteBehavior [ RunTime:0.000062s ]
INFO: [ app_init ] --END-- [ RunTime:0.001597s ]
INFO: [ app_begin ] --START--
INFO: Run Behavior\ReadHtmlCacheBehavior [ RunTime:0.003487s ]
INFO: [ app_begin ] --END-- [ RunTime:0.004528s ]
SQL: SHOW COLUMNS FROM `news` [ RunTime:0.0122s ]
SQL: select flag,info,fid1 from news where fid1=1 and fid2=3 or fid1=3 and fid2=1 [ RunTime:0.0012s ]

[ 2016-03-08T15:52:15+08:00 ] 127.0.0.1 /QQ/Home/Index/setfriend.html
INFO: [ app_init ] --START--
INFO: Run Behavior\BuildLiteBehavior [ RunTime:0.000061s ]
INFO: [ app_init ] --END-- [ RunTime:0.001558s ]
INFO: [ app_begin ] --START--
INFO: Run Behavior\ReadHtmlCacheBehavior [ RunTime:0.001959s ]
INFO: [ app_begin ] --END-- [ RunTime:0.002262s ]
SQL: SHOW COLUMNS FROM `news` [ RunTime:0.0140s ]
SQL: select flag,info,fid1 from news where fid1=1 and fid2=3 or fid1=3 and fid2=1 [ RunTime:0.0010s ]

[ 2016-03-08T15:52:16+08:00 ] 127.0.0.1 /QQ/Home/Index/setfriend.html
INFO: [ app_init ] --START--
INFO: Run Behavior\BuildLiteBehavior [ RunTime:0.000094s ]
INFO: [ app_init ] --END-- [ RunTime:0.001848s ]
INFO: [ app_begin ] --START--
INFO: Run Behavior\ReadHtmlCacheBehavior [ RunTime:0.001759s ]
INFO: [ app_begin ] --END-- [ RunTime:0.002031s ]
SQL: SHOW COLUMNS FROM `news` [ RunTime:0.0121s ]
SQL: select flag,info,fid1 from news where fid1=1 and fid2=3 or fid1=3 and fid2=1 [ RunTime:0.0009s ]

[ 2016-03-08T15:52:17+08:00 ] 127.0.0.1 /QQ/Home/Index/setfriend.html
INFO: [ app_init ] --START--
INFO: Run Behavior\BuildLiteBehavior [ RunTime:0.000288s ]
INFO: [ app_init ] --END-- [ RunTime:0.002877s ]
INFO: [ app_begin ] --START--
INFO: Run Behavior\ReadHtmlCacheBehavior [ RunTime:0.001676s ]
INFO: [ app_begin ] --END-- [ RunTime:0.001927s ]
SQL: SHOW COLUMNS FROM `news` [ RunTime:0.0140s ]
SQL: select flag,info,fid1 from news where fid1=1 and fid2=3 or fid1=3 and fid2=1 [ RunTime:0.0010s ]

[ 2016-03-08T15:52:18+08:00 ] 127.0.0.1 /QQ/Home/Index/setfriend.html
INFO: [ app_init ] --START--
INFO: Run Behavior\BuildLiteBehavior [ RunTime:0.000077s ]
INFO: [ app_init ] --END-- [ RunTime:0.001741s ]
INFO: [ app_begin ] --START--
INFO: Run Behavior\ReadHtmlCacheBehavior [ RunTime:0.006425s ]
INFO: [ app_begin ] --END-- [ RunTime:0.006771s ]
SQL: SHOW COLUMNS FROM `news` [ RunTime:0.0128s ]
SQL: select flag,info,fid1 from news where fid1=1 and fid2=3 or fid1=3 and fid2=1 [ RunTime:0.0009s ]

[ 2016-03-08T15:52:19+08:00 ] 127.0.0.1 /QQ/Home/Index/setfriend.html
INFO: [ app_init ] --START--
INFO: Run Behavior\BuildLiteBehavior [ RunTime:0.000252s ]
INFO: [ app_init ] --END-- [ RunTime:0.002299s ]
INFO: [ app_begin ] --START--
INFO: Run Behavior\ReadHtmlCacheBehavior [ RunTime:0.005036s ]
INFO: [ app_begin ] --END-- [ RunTime:0.005489s ]
SQL: SHOW COLUMNS FROM `news` [ RunTime:0.0125s ]
SQL: select flag,info,fid1 from news where fid1=1 and fid2=3 or fid1=3 and fid2=1 [ RunTime:0.0012s ]

[ 2016-03-08T15:52:20+08:00 ] 127.0.0.1 /QQ/Home/Index/setfriend.html
INFO: [ app_init ] --START--
INFO: Run Behavior\BuildLiteBehavior [ RunTime:0.000090s ]
INFO: [ app_init ] --END-- [ RunTime:0.001897s ]
INFO: [ app_begin ] --START--
INFO: Run Behavior\ReadHtmlCacheBehavior [ RunTime:0.002037s ]
INFO: [ app_begin ] --END-- [ RunTime:0.002522s ]
SQL: SHOW COLUMNS FROM `news` [ RunTime:0.0148s ]
SQL: select flag,info,fid1 from news where fid1=1 and fid2=3 or fid1=3 and fid2=1 [ RunTime:0.0015s ]

[ 2016-03-08T15:52:21+08:00 ] 127.0.0.1 /QQ/Home/Index/setfriend.html
INFO: [ app_init ] --START--
INFO: Run Behavior\BuildLiteBehavior [ RunTime:0.000103s ]
INFO: [ app_init ] --END-- [ RunTime:0.001971s ]
INFO: [ app_begin ] --START--
INFO: Run Behavior\ReadHtmlCacheBehavior [ RunTime:0.002771s ]
INFO: [ app_begin ] --END-- [ RunTime:0.003233s ]
SQL: SHOW COLUMNS FROM `news` [ RunTime:0.0122s ]
SQL: select flag,info,fid1 from news where fid1=1 and fid2=3 or fid1=3 and fid2=1 [ RunTime:0.0010s ]

[ 2016-03-08T15:52:22+08:00 ] 127.0.0.1 /QQ/Home/Index/setfriend.html
INFO: [ app_init ] --START--
INFO: Run Behavior\BuildLiteBehavior [ RunTime:0.000099s ]
INFO: [ app_init ] --END-- [ RunTime:0.002754s ]
INFO: [ app_begin ] --START--
INFO: Run Behavior\ReadHtmlCacheBehavior [ RunTime:0.002503s ]
INFO: [ app_begin ] --END-- [ RunTime:0.002883s ]
SQL: SHOW COLUMNS FROM `news` [ RunTime:0.0134s ]
SQL: select flag,info,fid1 from news where fid1=1 and fid2=3 or fid1=3 and fid2=1 [ RunTime:0.0010s ]

[ 2016-03-08T15:52:23+08:00 ] 127.0.0.1 /QQ/Home/Index/setfriend.html
INFO: [ app_init ] --START--
INFO: Run Behavior\BuildLiteBehavior [ RunTime:0.000060s ]
INFO: [ app_init ] --END-- [ RunTime:0.001384s ]
INFO: [ app_begin ] --START--
INFO: Run Behavior\ReadHtmlCacheBehavior [ RunTime:0.002480s ]
INFO: [ app_begin ] --END-- [ RunTime:0.002847s ]
SQL: SHOW COLUMNS FROM `news` [ RunTime:0.0116s ]
SQL: select flag,info,fid1 from news where fid1=1 and fid2=3 or fid1=3 and fid2=1 [ RunTime:0.0012s ]

[ 2016-03-08T15:52:24+08:00 ] 127.0.0.1 /QQ/Home/Index/setfriend.html
INFO: [ app_init ] --START--
INFO: Run Behavior\BuildLiteBehavior [ RunTime:0.000064s ]
INFO: [ app_init ] --END-- [ RunTime:0.002053s ]
INFO: [ app_begin ] --START--
INFO: Run Behavior\ReadHtmlCacheBehavior [ RunTime:0.002137s ]
INFO: [ app_begin ] --END-- [ RunTime:0.002726s ]
SQL: SHOW COLUMNS FROM `news` [ RunTime:0.0105s ]
SQL: select flag,info,fid1 from news where fid1=1 and fid2=3 or fid1=3 and fid2=1 [ RunTime:0.0028s ]

[ 2016-03-08T15:52:25+08:00 ] 127.0.0.1 /QQ/Home/Index/setfriend.html
INFO: [ app_init ] --START--
INFO: Run Behavior\BuildLiteBehavior [ RunTime:0.000060s ]
INFO: [ app_init ] --END-- [ RunTime:0.001500s ]
INFO: [ app_begin ] --START--
INFO: Run Behavior\ReadHtmlCacheBehavior [ RunTime:0.002117s ]
INFO: [ app_begin ] --END-- [ RunTime:0.002459s ]
SQL: SHOW COLUMNS FROM `news` [ RunTime:0.0136s ]
SQL: select flag,info,fid1 from news where fid1=1 and fid2=3 or fid1=3 and fid2=1 [ RunTime:0.0013s ]

[ 2016-03-08T15:52:26+08:00 ] 127.0.0.1 /QQ/Home/Index/setfriend.html
INFO: [ app_init ] --START--
INFO: Run Behavior\BuildLiteBehavior [ RunTime:0.000060s ]
INFO: [ app_init ] --END-- [ RunTime:0.001488s ]
INFO: [ app_begin ] --START--
INFO: Run Behavior\ReadHtmlCacheBehavior [ RunTime:0.001783s ]
INFO: [ app_begin ] --END-- [ RunTime:0.002040s ]
SQL: SHOW COLUMNS FROM `news` [ RunTime:0.0142s ]
SQL: select flag,info,fid1 from news where fid1=1 and fid2=3 or fid1=3 and fid2=1 [ RunTime:0.0011s ]

[ 2016-03-08T15:52:27+08:00 ] 127.0.0.1 /QQ/Home/Index/setfriend.html
INFO: [ app_init ] --START--
INFO: Run Behavior\BuildLiteBehavior [ RunTime:0.000094s ]
INFO: [ app_init ] --END-- [ RunTime:0.001989s ]
INFO: [ app_begin ] --START--
INFO: Run Behavior\ReadHtmlCacheBehavior [ RunTime:0.002215s ]
INFO: [ app_begin ] --END-- [ RunTime:0.003039s ]
SQL: SHOW COLUMNS FROM `news` [ RunTime:0.0123s ]
SQL: select flag,info,fid1 from news where fid1=1 and fid2=3 or fid1=3 and fid2=1 [ RunTime:0.0022s ]

[ 2016-03-08T15:52:28+08:00 ] 127.0.0.1 /QQ/Home/Index/setfriend.html
INFO: [ app_init ] --START--
INFO: Run Behavior\BuildLiteBehavior [ RunTime:0.000094s ]
INFO: [ app_init ] --END-- [ RunTime:0.002160s ]
INFO: [ app_begin ] --START--
INFO: Run Behavior\ReadHtmlCacheBehavior [ RunTime:0.001658s ]
INFO: [ app_begin ] --END-- [ RunTime:0.001903s ]
SQL: SHOW COLUMNS FROM `news` [ RunTime:0.0124s ]
SQL: select flag,info,fid1 from news where fid1=1 and fid2=3 or fid1=3 and fid2=1 [ RunTime:0.0012s ]

[ 2016-03-08T15:52:29+08:00 ] 127.0.0.1 /QQ/Home/Index/setfriend.html
INFO: [ app_init ] --START--
INFO: Run Behavior\BuildLiteBehavior [ RunTime:0.000065s ]
INFO: [ app_init ] --END-- [ RunTime:0.002130s ]
INFO: [ app_begin ] --START--
INFO: Run Behavior\ReadHtmlCacheBehavior [ RunTime:0.003291s ]
INFO: [ app_begin ] --END-- [ RunTime:0.003652s ]
SQL: SHOW COLUMNS FROM `news` [ RunTime:0.0158s ]
SQL: select flag,info,fid1 from news where fid1=1 and fid2=3 or fid1=3 and fid2=1 [ RunTime:0.0013s ]

[ 2016-03-08T15:52:30+08:00 ] 127.0.0.1 /QQ/Home/Index/setfriend.html
INFO: [ app_init ] --START--
INFO: Run Behavior\BuildLiteBehavior [ RunTime:0.000101s ]
INFO: [ app_init ] --END-- [ RunTime:0.002181s ]
INFO: [ app_begin ] --START--
INFO: Run Behavior\ReadHtmlCacheBehavior [ RunTime:0.002374s ]
INFO: [ app_begin ] --END-- [ RunTime:0.002933s ]
SQL: SHOW COLUMNS FROM `news` [ RunTime:0.0121s ]
SQL: select flag,info,fid1 from news where fid1=1 and fid2=3 or fid1=3 and fid2=1 [ RunTime:0.0011s ]

[ 2016-03-08T15:52:31+08:00 ] 127.0.0.1 /QQ/Home/Index/setfriend.html
INFO: [ app_init ] --START--
INFO: Run Behavior\BuildLiteBehavior [ RunTime:0.000061s ]
INFO: [ app_init ] --END-- [ RunTime:0.001744s ]
INFO: [ app_begin ] --START--
INFO: Run Behavior\ReadHtmlCacheBehavior [ RunTime:0.002278s ]
INFO: [ app_begin ] --END-- [ RunTime:0.002801s ]
SQL: SHOW COLUMNS FROM `news` [ RunTime:0.0100s ]
SQL: select flag,info,fid1 from news where fid1=1 and fid2=3 or fid1=3 and fid2=1 [ RunTime:0.0016s ]

[ 2016-03-08T15:52:32+08:00 ] 127.0.0.1 /QQ/Home/Index/setfriend.html
INFO: [ app_init ] --START--
INFO: Run Behavior\BuildLiteBehavior [ RunTime:0.000114s ]
INFO: [ app_init ] --END-- [ RunTime:0.002271s ]
INFO: [ app_begin ] --START--
INFO: Run Behavior\ReadHtmlCacheBehavior [ RunTime:0.001772s ]
INFO: [ app_begin ] --END-- [ RunTime:0.002025s ]
SQL: SHOW COLUMNS FROM `news` [ RunTime:0.0130s ]
SQL: select flag,info,fid1 from news where fid1=1 and fid2=3 or fid1=3 and fid2=1 [ RunTime:0.0010s ]

[ 2016-03-08T15:52:33+08:00 ] 127.0.0.1 /QQ/Home/Index/setfriend.html
INFO: [ app_init ] --START--
INFO: Run Behavior\BuildLiteBehavior [ RunTime:0.000062s ]
INFO: [ app_init ] --END-- [ RunTime:0.001586s ]
INFO: [ app_begin ] --START--
INFO: Run Behavior\ReadHtmlCacheBehavior [ RunTime:0.001533s ]
INFO: [ app_begin ] --END-- [ RunTime:0.001787s ]
SQL: SHOW COLUMNS FROM `news` [ RunTime:0.0142s ]
SQL: select flag,info,fid1 from news where fid1=1 and fid2=3 or fid1=3 and fid2=1 [ RunTime:0.0012s ]

[ 2016-03-08T15:52:34+08:00 ] 127.0.0.1 /QQ/Home/Index/setfriend.html
INFO: [ app_init ] --START--
INFO: Run Behavior\BuildLiteBehavior [ RunTime:0.000060s ]
INFO: [ app_init ] --END-- [ RunTime:0.001561s ]
INFO: [ app_begin ] --START--
INFO: Run Behavior\ReadHtmlCacheBehavior [ RunTime:0.002093s ]
INFO: [ app_begin ] --END-- [ RunTime:0.002507s ]
SQL: SHOW COLUMNS FROM `news` [ RunTime:0.0116s ]
SQL: select flag,info,fid1 from news where fid1=1 and fid2=3 or fid1=3 and fid2=1 [ RunTime:0.0013s ]

[ 2016-03-08T15:52:35+08:00 ] 127.0.0.1 /QQ/Home/Index/setfriend.html
INFO: [ app_init ] --START--
INFO: Run Behavior\BuildLiteBehavior [ RunTime:0.000060s ]
INFO: [ app_init ] --END-- [ RunTime:0.001476s ]
INFO: [ app_begin ] --START--
INFO: Run Behavior\ReadHtmlCacheBehavior [ RunTime:0.002126s ]
INFO: [ app_begin ] --END-- [ RunTime:0.002631s ]
SQL: SHOW COLUMNS FROM `news` [ RunTime:0.0123s ]
SQL: select flag,info,fid1 from news where fid1=1 and fid2=3 or fid1=3 and fid2=1 [ RunTime:0.0010s ]

[ 2016-03-08T15:52:36+08:00 ] 127.0.0.1 /QQ/Home/Index/setfriend.html
INFO: [ app_init ] --START--
INFO: Run Behavior\BuildLiteBehavior [ RunTime:0.000061s ]
INFO: [ app_init ] --END-- [ RunTime:0.001349s ]
INFO: [ app_begin ] --START--
INFO: Run Behavior\ReadHtmlCacheBehavior [ RunTime:0.001790s ]
INFO: [ app_begin ] --END-- [ RunTime:0.002032s ]
SQL: SHOW COLUMNS FROM `news` [ RunTime:0.0207s ]
SQL: select flag,info,fid1 from news where fid1=1 and fid2=3 or fid1=3 and fid2=1 [ RunTime:0.0012s ]

[ 2016-03-08T15:52:37+08:00 ] 127.0.0.1 /QQ/Home/Index/setfriend.html
INFO: [ app_init ] --START--
INFO: Run Behavior\BuildLiteBehavior [ RunTime:0.000059s ]
INFO: [ app_init ] --END-- [ RunTime:0.001395s ]
INFO: [ app_begin ] --START--
INFO: Run Behavior\ReadHtmlCacheBehavior [ RunTime:0.001550s ]
INFO: [ app_begin ] --END-- [ RunTime:0.001867s ]
SQL: SHOW COLUMNS FROM `news` [ RunTime:0.0132s ]
SQL: select flag,info,fid1 from news where fid1=1 and fid2=3 or fid1=3 and fid2=1 [ RunTime:0.0011s ]

[ 2016-03-08T15:52:38+08:00 ] 127.0.0.1 /QQ/Home/Index/setfriend.html
INFO: [ app_init ] --START--
INFO: Run Behavior\BuildLiteBehavior [ RunTime:0.000058s ]
INFO: [ app_init ] --END-- [ RunTime:0.001384s ]
INFO: [ app_begin ] --START--
INFO: Run Behavior\ReadHtmlCacheBehavior [ RunTime:0.001780s ]
INFO: [ app_begin ] --END-- [ RunTime:0.002039s ]
SQL: SHOW COLUMNS FROM `news` [ RunTime:0.0128s ]
SQL: select flag,info,fid1 from news where fid1=1 and fid2=3 or fid1=3 and fid2=1 [ RunTime:0.0013s ]

[ 2016-03-08T15:52:39+08:00 ] 127.0.0.1 /QQ/Home/Index/setfriend.html
INFO: [ app_init ] --START--
INFO: Run Behavior\BuildLiteBehavior [ RunTime:0.000059s ]
INFO: [ app_init ] --END-- [ RunTime:0.001483s ]
INFO: [ app_begin ] --START--
INFO: Run Behavior\ReadHtmlCacheBehavior [ RunTime:0.002027s ]
INFO: [ app_begin ] --END-- [ RunTime:0.002271s ]
SQL: SHOW COLUMNS FROM `news` [ RunTime:0.0134s ]
SQL: select flag,info,fid1 from news where fid1=1 and fid2=3 or fid1=3 and fid2=1 [ RunTime:0.0013s ]

[ 2016-03-08T15:52:40+08:00 ] 127.0.0.1 /QQ/Home/Index/setfriend.html
INFO: [ app_init ] --START--
INFO: Run Behavior\BuildLiteBehavior [ RunTime:0.000061s ]
INFO: [ app_init ] --END-- [ RunTime:0.001899s ]
INFO: [ app_begin ] --START--
INFO: Run Behavior\ReadHtmlCacheBehavior [ RunTime:0.001724s ]
INFO: [ app_begin ] --END-- [ RunTime:0.001976s ]
SQL: SHOW COLUMNS FROM `news` [ RunTime:0.0126s ]
SQL: select flag,info,fid1 from news where fid1=1 and fid2=3 or fid1=3 and fid2=1 [ RunTime:0.0010s ]

[ 2016-03-08T15:52:41+08:00 ] 127.0.0.1 /QQ/Home/Index/setfriend.html
INFO: [ app_init ] --START--
INFO: Run Behavior\BuildLiteBehavior [ RunTime:0.000179s ]
INFO: [ app_init ] --END-- [ RunTime:0.002354s ]
INFO: [ app_begin ] --START--
INFO: Run Behavior\ReadHtmlCacheBehavior [ RunTime:0.001847s ]
INFO: [ app_begin ] --END-- [ RunTime:0.002104s ]
SQL: SHOW COLUMNS FROM `news` [ RunTime:0.0133s ]
SQL: select flag,info,fid1 from news where fid1=1 and fid2=3 or fid1=3 and fid2=1 [ RunTime:0.0010s ]

[ 2016-03-08T15:52:42+08:00 ] 127.0.0.1 /QQ/Home/Index/setfriend.html
INFO: [ app_init ] --START--
INFO: Run Behavior\BuildLiteBehavior [ RunTime:0.000101s ]
INFO: [ app_init ] --END-- [ RunTime:0.004814s ]
INFO: [ app_begin ] --START--
INFO: Run Behavior\ReadHtmlCacheBehavior [ RunTime:0.001877s ]
INFO: [ app_begin ] --END-- [ RunTime:0.002138s ]
SQL: SHOW COLUMNS FROM `news` [ RunTime:0.0119s ]
SQL: select flag,info,fid1 from news where fid1=1 and fid2=3 or fid1=3 and fid2=1 [ RunTime:0.0011s ]

[ 2016-03-08T15:52:43+08:00 ] 127.0.0.1 /QQ/Home/Index/setfriend.html
INFO: [ app_init ] --START--
INFO: Run Behavior\BuildLiteBehavior [ RunTime:0.000059s ]
INFO: [ app_init ] --END-- [ RunTime:0.001548s ]
INFO: [ app_begin ] --START--
INFO: Run Behavior\ReadHtmlCacheBehavior [ RunTime:0.002072s ]
INFO: [ app_begin ] --END-- [ RunTime:0.002407s ]
SQL: SHOW COLUMNS FROM `news` [ RunTime:0.0131s ]
SQL: select flag,info,fid1 from news where fid1=1 and fid2=3 or fid1=3 and fid2=1 [ RunTime:0.0011s ]

[ 2016-03-08T15:52:44+08:00 ] 127.0.0.1 /QQ/Home/Index/setfriend.html
INFO: [ app_init ] --START--
INFO: Run Behavior\BuildLiteBehavior [ RunTime:0.000060s ]
INFO: [ app_init ] --END-- [ RunTime:0.001544s ]
INFO: [ app_begin ] --START--
INFO: Run Behavior\ReadHtmlCacheBehavior [ RunTime:0.001801s ]
INFO: [ app_begin ] --END-- [ RunTime:0.002055s ]
SQL: SHOW COLUMNS FROM `news` [ RunTime:0.0109s ]
SQL: select flag,info,fid1 from news where fid1=1 and fid2=3 or fid1=3 and fid2=1 [ RunTime:0.0014s ]

[ 2016-03-08T15:52:45+08:00 ] 127.0.0.1 /QQ/Home/Index/setfriend.html
INFO: [ app_init ] --START--
INFO: Run Behavior\BuildLiteBehavior [ RunTime:0.000101s ]
INFO: [ app_init ] --END-- [ RunTime:0.001983s ]
INFO: [ app_begin ] --START--
INFO: Run Behavior\ReadHtmlCacheBehavior [ RunTime:0.001980s ]
INFO: [ app_begin ] --END-- [ RunTime:0.002300s ]
SQL: SHOW COLUMNS FROM `news` [ RunTime:0.0114s ]
SQL: select flag,info,fid1 from news where fid1=1 and fid2=3 or fid1=3 and fid2=1 [ RunTime:0.0011s ]

[ 2016-03-08T15:52:46+08:00 ] 127.0.0.1 /QQ/Home/Index/setfriend.html
INFO: [ app_init ] --START--
INFO: Run Behavior\BuildLiteBehavior [ RunTime:0.000095s ]
INFO: [ app_init ] --END-- [ RunTime:0.002144s ]
INFO: [ app_begin ] --START--
INFO: Run Behavior\ReadHtmlCacheBehavior [ RunTime:0.003607s ]
INFO: [ app_begin ] --END-- [ RunTime:0.003883s ]
SQL: SHOW COLUMNS FROM `news` [ RunTime:0.0126s ]
SQL: select flag,info,fid1 from news where fid1=1 and fid2=3 or fid1=3 and fid2=1 [ RunTime:0.0009s ]

[ 2016-03-08T15:52:47+08:00 ] 127.0.0.1 /QQ/Home/Index/setfriend.html
INFO: [ app_init ] --START--
INFO: Run Behavior\BuildLiteBehavior [ RunTime:0.000119s ]
INFO: [ app_init ] --END-- [ RunTime:0.002303s ]
INFO: [ app_begin ] --START--
INFO: Run Behavior\ReadHtmlCacheBehavior [ RunTime:0.001831s ]
INFO: [ app_begin ] --END-- [ RunTime:0.002176s ]
SQL: SHOW COLUMNS FROM `news` [ RunTime:0.0150s ]
SQL: select flag,info,fid1 from news where fid1=1 and fid2=3 or fid1=3 and fid2=1 [ RunTime:0.0012s ]

[ 2016-03-08T15:52:48+08:00 ] 127.0.0.1 /QQ/Home/Index/setfriend.html
INFO: [ app_init ] --START--
INFO: Run Behavior\BuildLiteBehavior [ RunTime:0.000094s ]
INFO: [ app_init ] --END-- [ RunTime:0.004647s ]
INFO: [ app_begin ] --START--
INFO: Run Behavior\ReadHtmlCacheBehavior [ RunTime:0.001880s ]
INFO: [ app_begin ] --END-- [ RunTime:0.002398s ]
SQL: SHOW COLUMNS FROM `news` [ RunTime:0.0122s ]
SQL: select flag,info,fid1 from news where fid1=1 and fid2=3 or fid1=3 and fid2=1 [ RunTime:0.0015s ]

[ 2016-03-08T15:52:49+08:00 ] 127.0.0.1 /QQ/Home/Index/setfriend.html
INFO: [ app_init ] --START--
INFO: Run Behavior\BuildLiteBehavior [ RunTime:0.000063s ]
INFO: [ app_init ] --END-- [ RunTime:0.001587s ]
INFO: [ app_begin ] --START--
INFO: Run Behavior\ReadHtmlCacheBehavior [ RunTime:0.005671s ]
INFO: [ app_begin ] --END-- [ RunTime:0.006040s ]
SQL: SHOW COLUMNS FROM `news` [ RunTime:0.0130s ]
SQL: select flag,info,fid1 from news where fid1=1 and fid2=3 or fid1=3 and fid2=1 [ RunTime:0.0011s ]

[ 2016-03-08T15:52:50+08:00 ] 127.0.0.1 /QQ/Home/Index/setfriend.html
INFO: [ app_init ] --START--
INFO: Run Behavior\BuildLiteBehavior [ RunTime:0.000064s ]
INFO: [ app_init ] --END-- [ RunTime:0.002027s ]
INFO: [ app_begin ] --START--
INFO: Run Behavior\ReadHtmlCacheBehavior [ RunTime:0.001819s ]
INFO: [ app_begin ] --END-- [ RunTime:0.002134s ]
SQL: SHOW COLUMNS FROM `news` [ RunTime:0.0151s ]
SQL: select flag,info,fid1 from news where fid1=1 and fid2=3 or fid1=3 and fid2=1 [ RunTime:0.0012s ]

[ 2016-03-08T15:52:51+08:00 ] 127.0.0.1 /QQ/Home/Index/setfriend.html
INFO: [ app_init ] --START--
INFO: Run Behavior\BuildLiteBehavior [ RunTime:0.000064s ]
INFO: [ app_init ] --END-- [ RunTime:0.001748s ]
INFO: [ app_begin ] --START--
INFO: Run Behavior\ReadHtmlCacheBehavior [ RunTime:0.002270s ]
INFO: [ app_begin ] --END-- [ RunTime:0.002605s ]
SQL: SHOW COLUMNS FROM `news` [ RunTime:0.0147s ]
SQL: select flag,info,fid1 from news where fid1=1 and fid2=3 or fid1=3 and fid2=1 [ RunTime:0.0017s ]

[ 2016-03-08T15:52:52+08:00 ] 127.0.0.1 /QQ/Home/Index/setfriend.html
INFO: [ app_init ] --START--
INFO: Run Behavior\BuildLiteBehavior [ RunTime:0.000061s ]
INFO: [ app_init ] --END-- [ RunTime:0.001555s ]
INFO: [ app_begin ] --START--
INFO: Run Behavior\ReadHtmlCacheBehavior [ RunTime:0.002079s ]
INFO: [ app_begin ] --END-- [ RunTime:0.002334s ]
SQL: SHOW COLUMNS FROM `news` [ RunTime:0.0117s ]
SQL: select flag,info,fid1 from news where fid1=1 and fid2=3 or fid1=3 and fid2=1 [ RunTime:0.0009s ]

[ 2016-03-08T15:52:53+08:00 ] 127.0.0.1 /QQ/Home/Index/setfriend.html
INFO: [ app_init ] --START--
INFO: Run Behavior\BuildLiteBehavior [ RunTime:0.000059s ]
INFO: [ app_init ] --END-- [ RunTime:0.001618s ]
INFO: [ app_begin ] --START--
INFO: Run Behavior\ReadHtmlCacheBehavior [ RunTime:0.001659s ]
INFO: [ app_begin ] --END-- [ RunTime:0.001913s ]
SQL: SHOW COLUMNS FROM `news` [ RunTime:0.0137s ]
SQL: select flag,info,fid1 from news where fid1=1 and fid2=3 or fid1=3 and fid2=1 [ RunTime:0.0013s ]

[ 2016-03-08T15:52:54+08:00 ] 127.0.0.1 /QQ/Home/Index/setfriend.html
INFO: [ app_init ] --START--
INFO: Run Behavior\BuildLiteBehavior [ RunTime:0.000065s ]
INFO: [ app_init ] --END-- [ RunTime:0.001638s ]
INFO: [ app_begin ] --START--
INFO: Run Behavior\ReadHtmlCacheBehavior [ RunTime:0.002200s ]
INFO: [ app_begin ] --END-- [ RunTime:0.002787s ]
SQL: SHOW COLUMNS FROM `news` [ RunTime:0.0166s ]
SQL: select flag,info,fid1 from news where fid1=1 and fid2=3 or fid1=3 and fid2=1 [ RunTime:0.0027s ]

[ 2016-03-08T15:52:55+08:00 ] 127.0.0.1 /QQ/Home/Index/setfriend.html
INFO: [ app_init ] --START--
INFO: Run Behavior\BuildLiteBehavior [ RunTime:0.000106s ]
INFO: [ app_init ] --END-- [ RunTime:0.004439s ]
INFO: [ app_begin ] --START--
INFO: Run Behavior\ReadHtmlCacheBehavior [ RunTime:0.007947s ]
INFO: [ app_begin ] --END-- [ RunTime:0.008408s ]
SQL: SHOW COLUMNS FROM `news` [ RunTime:0.0145s ]
SQL: select flag,info,fid1 from news where fid1=1 and fid2=3 or fid1=3 and fid2=1 [ RunTime:0.0014s ]

[ 2016-03-08T15:52:55+08:00 ] 127.0.0.1 /QQ/Home/Index/setfriend.html
INFO: [ app_init ] --START--
INFO: Run Behavior\BuildLiteBehavior [ RunTime:0.000101s ]
INFO: [ app_init ] --END-- [ RunTime:0.028902s ]
INFO: [ app_begin ] --START--
INFO: Run Behavior\ReadHtmlCacheBehavior [ RunTime:0.008268s ]
INFO: [ app_begin ] --END-- [ RunTime:0.008966s ]
SQL: SHOW COLUMNS FROM `news` [ RunTime:0.0127s ]
SQL: select flag,info,fid1 from news where fid1=1 and fid2=2 or fid1=2 and fid2=1 [ RunTime:0.0011s ]

[ 2016-03-08T15:52:56+08:00 ] 127.0.0.1 /QQ/Home/Index/setfriend.html
INFO: [ app_init ] --START--
INFO: Run Behavior\BuildLiteBehavior [ RunTime:0.000070s ]
INFO: [ app_init ] --END-- [ RunTime:0.001478s ]
INFO: [ app_begin ] --START--
INFO: Run Behavior\ReadHtmlCacheBehavior [ RunTime:0.002669s ]
INFO: [ app_begin ] --END-- [ RunTime:0.003449s ]
SQL: SHOW COLUMNS FROM `news` [ RunTime:0.0147s ]
SQL: select flag,info,fid1 from news where fid1=1 and fid2=2 or fid1=2 and fid2=1 [ RunTime:0.0016s ]

[ 2016-03-08T15:52:57+08:00 ] 127.0.0.1 /QQ/Home/Index/setfriend.html
INFO: [ app_init ] --START--
INFO: Run Behavior\BuildLiteBehavior [ RunTime:0.000113s ]
INFO: [ app_init ] --END-- [ RunTime:0.002117s ]
INFO: [ app_begin ] --START--
INFO: Run Behavior\ReadHtmlCacheBehavior [ RunTime:0.007989s ]
INFO: [ app_begin ] --END-- [ RunTime:0.011179s ]
SQL: SHOW COLUMNS FROM `news` [ RunTime:0.0141s ]
SQL: select flag,info,fid1 from news where fid1=1 and fid2=3 or fid1=3 and fid2=1 [ RunTime:0.0019s ]

[ 2016-03-08T15:52:58+08:00 ] 127.0.0.1 /QQ/Home/Index/setfriend.html
INFO: [ app_init ] --START--
INFO: Run Behavior\BuildLiteBehavior [ RunTime:0.000105s ]
INFO: [ app_init ] --END-- [ RunTime:0.003251s ]
INFO: [ app_begin ] --START--
INFO: Run Behavior\ReadHtmlCacheBehavior [ RunTime:0.002437s ]
INFO: [ app_begin ] --END-- [ RunTime:0.002833s ]
SQL: SHOW COLUMNS FROM `news` [ RunTime:0.0421s ]
SQL: select flag,info,fid1 from news where fid1=1 and fid2=3 or fid1=3 and fid2=1 [ RunTime:0.0010s ]

[ 2016-03-08T15:52:58+08:00 ] 127.0.0.1 /QQ/Home/Index/setfriend.html
INFO: [ app_init ] --START--
INFO: Run Behavior\BuildLiteBehavior [ RunTime:0.000092s ]
INFO: [ app_init ] --END-- [ RunTime:0.002114s ]
INFO: [ app_begin ] --START--
INFO: Run Behavior\ReadHtmlCacheBehavior [ RunTime:0.017154s ]
INFO: [ app_begin ] --END-- [ RunTime:0.017612s ]
SQL: SHOW COLUMNS FROM `news` [ RunTime:0.0103s ]
SQL: select flag,info,fid1 from news where fid1=1 and fid2=5 or fid1=5 and fid2=1 [ RunTime:0.0013s ]

[ 2016-03-08T15:52:59+08:00 ] 127.0.0.1 /QQ/Home/Index/setfriend.html
INFO: [ app_init ] --START--
INFO: Run Behavior\BuildLiteBehavior [ RunTime:0.001360s ]
INFO: [ app_init ] --END-- [ RunTime:0.004280s ]
INFO: [ app_begin ] --START--
INFO: Run Behavior\ReadHtmlCacheBehavior [ RunTime:0.001793s ]
INFO: [ app_begin ] --END-- [ RunTime:0.002077s ]
SQL: SHOW COLUMNS FROM `news` [ RunTime:0.0123s ]
SQL: select flag,info,fid1 from news where fid1=1 and fid2=5 or fid1=5 and fid2=1 [ RunTime:0.0018s ]

[ 2016-03-08T15:53:00+08:00 ] 127.0.0.1 /QQ/Home/Index/setfriend.html
INFO: [ app_init ] --START--
INFO: Run Behavior\BuildLiteBehavior [ RunTime:0.000059s ]
INFO: [ app_init ] --END-- [ RunTime:0.001546s ]
INFO: [ app_begin ] --START--
INFO: Run Behavior\ReadHtmlCacheBehavior [ RunTime:0.003307s ]
INFO: [ app_begin ] --END-- [ RunTime:0.004170s ]
SQL: SHOW COLUMNS FROM `news` [ RunTime:0.0128s ]
SQL: select flag,info,fid1 from news where fid1=1 and fid2=5 or fid1=5 and fid2=1 [ RunTime:0.0011s ]

[ 2016-03-08T15:53:01+08:00 ] 127.0.0.1 /QQ/Home/Index/setfriend.html
INFO: [ app_init ] --START--
INFO: Run Behavior\BuildLiteBehavior [ RunTime:0.000061s ]
INFO: [ app_init ] --END-- [ RunTime:0.001242s ]
INFO: [ app_begin ] --START--
INFO: Run Behavior\ReadHtmlCacheBehavior [ RunTime:0.002194s ]
INFO: [ app_begin ] --END-- [ RunTime:0.002606s ]
SQL: SHOW COLUMNS FROM `news` [ RunTime:0.0132s ]
SQL: select flag,info,fid1 from news where fid1=1 and fid2=5 or fid1=5 and fid2=1 [ RunTime:0.0015s ]

[ 2016-03-08T15:53:02+08:00 ] 127.0.0.1 /QQ/Home/Login/logout.html
INFO: [ app_init ] --START--
INFO: Run Behavior\BuildLiteBehavior [ RunTime:0.000138s ]
INFO: [ app_init ] --END-- [ RunTime:0.003959s ]
INFO: [ app_begin ] --START--
INFO: Run Behavior\ReadHtmlCacheBehavior [ RunTime:0.010016s ]
INFO: [ app_begin ] --END-- [ RunTime:0.010739s ]

[ 2016-03-08T15:53:02+08:00 ] 127.0.0.1 /QQ/Home/Login/index.html
INFO: [ app_init ] --START--
INFO: Run Behavior\BuildLiteBehavior [ RunTime:0.000219s ]
INFO: [ app_init ] --END-- [ RunTime:0.010592s ]
INFO: [ app_begin ] --START--
INFO: Run Behavior\ReadHtmlCacheBehavior [ RunTime:0.002687s ]
INFO: [ app_begin ] --END-- [ RunTime:0.006677s ]
INFO: [ view_parse ] --START--
INFO: [ template_filter ] --START--
INFO: Run Behavior\ContentReplaceBehavior [ RunTime:0.000244s ]
INFO: [ template_filter ] --END-- [ RunTime:0.000528s ]
INFO: Run Behavior\ParseTemplateBehavior [ RunTime:0.045623s ]
INFO: [ view_parse ] --END-- [ RunTime:0.046092s ]
INFO: [ view_filter ] --START--
INFO: Run Behavior\WriteHtmlCacheBehavior [ RunTime:0.001666s ]
INFO: [ view_filter ] --END-- [ RunTime:0.002052s ]
INFO: [ app_end ] --START--
INFO: Run Behavior\ShowPageTraceBehavior [ RunTime:0.002246s ]
INFO: [ app_end ] --END-- [ RunTime:0.002703s ]

[ 2016-03-08T15:53:02+08:00 ] 127.0.0.1 /QQ/Home/Index/setfriend.html
INFO: [ app_init ] --START--
INFO: Run Behavior\BuildLiteBehavior [ RunTime:0.000093s ]
INFO: [ app_init ] --END-- [ RunTime:0.001615s ]
INFO: [ app_begin ] --START--
INFO: Run Behavior\ReadHtmlCacheBehavior [ RunTime:0.002535s ]
INFO: [ app_begin ] --END-- [ RunTime:0.003115s ]

[ 2016-03-08T15:53:02+08:00 ] 127.0.0.1 /QQ/Home/Code/getCode.html
INFO: [ app_init ] --START--
INFO: Run Behavior\BuildLiteBehavior [ RunTime:0.000116s ]
INFO: [ app_init ] --END-- [ RunTime:0.002100s ]
INFO: [ app_begin ] --START--
INFO: Run Behavior\ReadHtmlCacheBehavior [ RunTime:0.003604s ]
INFO: [ app_begin ] --END-- [ RunTime:0.004602s ]
INFO: [ app_end ] --START--
INFO: Run Behavior\ShowPageTraceBehavior [ RunTime:0.006209s ]
INFO: [ app_end ] --END-- [ RunTime:0.006683s ]

